Added Component: Designator=*1(MPU6050)
Added Component: Designator=D*1(DATA_PIN_HEADER_6_2.54m)
Added Component: Designator=H*1(Female_Header_4)
Added Component: Designator=STM*1(STM32)
Added Component: Designator=T*1(Terminal_block_2pins_3.5mm)
Added Net: Name=+5
Added Pin To Net: NetName=Clock Pin=*1-SCL
Added Pin To Net: NetName=Clock Pin=STM*1-PB_10
Added Net: Name=Clock
Added Pin To Net: NetName=Data Pin=*1-SDA
Added Pin To Net: NetName=Data Pin=STM*1-PB_11
Added Net: Name=Data
Added Pin To Net: NetName=Echo Pin=H*1-3
Added Pin To Net: NetName=Echo Pin=STM*1-PA_0
Added Net: Name=Echo
Added Pin To Net: NetName=ENA Pin=D*1-1
Added Pin To Net: NetName=ENA Pin=STM*1-PB_9
Added Net: Name=ENA
Added Pin To Net: NetName=ENB Pin=D*1-6
Added Net: Name=ENB
Added Pin To Net: NetName=Ground Pin=*1-GND
Added Pin To Net: NetName=Ground Pin=H*1-1
Added Pin To Net: NetName=Ground Pin=STM*1-GND
Added Pin To Net: NetName=Ground Pin=STM*1-GND
Added Pin To Net: NetName=Ground Pin=STM*1-GND
Added Pin To Net: NetName=Ground Pin=T*1-2
Added Net: Name=Ground
Added Pin To Net: NetName=IN1 Pin=D*1-2
Added Pin To Net: NetName=IN1 Pin=STM*1-PB_8
Added Net: Name=IN1
Added Pin To Net: NetName=IN2 Pin=D*1-3
Added Pin To Net: NetName=IN2 Pin=STM*1-PB_7
Added Net: Name=IN2
Added Pin To Net: NetName=IN3 Pin=D*1-4
Added Pin To Net: NetName=IN3 Pin=STM*1-PB_6
Added Net: Name=IN3
Added Pin To Net: NetName=IN4 Pin=D*1-5
Added Net: Name=IN4
Added Pin To Net: NetName=Trig Pin=H*1-2
Added Pin To Net: NetName=Trig Pin=STM*1-PA_1
Added Net: Name=Trig
Added Pin To Net: NetName=Vcc Pin=*1-VCC
Added Pin To Net: NetName=Vcc Pin=H*1-4
Added Pin To Net: NetName=Vcc Pin=STM*1-5V
Added Pin To Net: NetName=Vcc Pin=T*1-1
Added Net: Name=Vcc
Added Class: Name=Sheet1
